<?xml version="1.0" encoding="UTF-8" ?>
<testsuite tests="8" failures="0" name="TestClassLion" time="0.008" errors="0" skipped="0">
  <properties>
[...]
</properties>
  <testcase classname="TestClassLion" name="getOneKittensWhenNoArgument[0]" time="0.005"/>
  <testcase classname="TestClassLion" name="checkKnownLionHasManeNotError[0]" time="0"/>
  <testcase classname="TestClassLion" name="lionsDontEatHerbivoreFood[0]" time="0"/>
  <testcase classname="TestClassLion" name="checkUnknownSexLionHasManeError[0]" time="0.001"/>
  <testcase classname="TestClassLion" name="getOneKittensWhenNoArgument[1]" time="0"/>
  <testcase classname="TestClassLion" name="checkKnownLionHasManeNotError[1]" time="0.001"/>
  <testcase classname="TestClassLion" name="lionsDontEatHerbivoreFood[1]" time="0"/>
  <testcase classname="TestClassLion" name="checkUnknownSexLionHasManeError[1]" time="0.001"/>
</testsuite>